<?xml version="1.0" encoding="UTF-8"?>
<!-- Generated by org.testng.reporters.JUnitReportReporter -->
<testsuite skipped="0" hostname="DESKTOP-499I724" name="tests.Duplicate_Category_Test" tests="1" failures="0" timestamp="2023-02-22T17:20:39 CST" time="10.834" errors="0">
  <testcase name="ValidateUserShouldNotAbleToAddDuplicateCategory" time="10.834" classname="tests.Duplicate_Category_Test"/>
  <system-out/>
</testsuite> <!-- tests.Duplicate_Category_Test -->
