<?xml version="1.0" encoding="UTF-8"?>
<!-- Generated by org.testng.reporters.JUnitReportReporter -->
<testsuite skipped="0" hostname="DESKTOP-499I724" name="tests.Month_DropDown_Test" tests="1" failures="0" timestamp="2023-02-22T17:20:57 CST" time="4.306" errors="0">
  <testcase name="TestMonthDropDown" time="4.306" classname="tests.Month_DropDown_Test"/>
  <system-out/>
</testsuite> <!-- tests.Month_DropDown_Test -->
